<?xml version="1.0" encoding="UTF-8"?>
<!-- Generated by org.testng.reporters.JUnitReportReporter -->
<testsuite hostname="Ashok" failures="0" tests="1" name="com.eBay.Register.RegisterTest" time="12.350" errors="0" timestamp="2022-02-18T14:24:34 IST" skipped="0">
  <testcase classname="com.eBay.Register.RegisterTest" name="test1" time="12.350"/>
  <system-out>
test1 Method Is  Started  test1 Method Is Passed   </system-out>
</testsuite> <!-- com.eBay.Register.RegisterTest -->
