<?xml version="1.0" encoding="UTF-8"?>
<!-- Generated by org.testng.reporters.JUnitReportReporter -->
<testsuite hostname="Ashok" failures="0" tests="1" name="com.eBay.genricLib.BaseTest" time="5.119" errors="0" timestamp="2022-02-18T12:32:08 IST" skipped="0">
  <testcase classname="com.eBay.genricLib.BaseTest" name="browser" time="5.119"/>
  <system-out>
browser Method Is  Started  browser Method Is Passed   </system-out>
</testsuite> <!-- com.eBay.genricLib.BaseTest -->
